2026-06-27 05:55:12,089 | INFO     | __main__ | Mounted static files from /app/static.
2026-06-27 05:55:12,245 | INFO     | __main__ | Starting server on port 8000.
INFO:     Will watch for changes in these directories: ['/app']
INFO:     Uvicorn running on http://0.0.0.0:8000 (Press CTRL+C to quit)
INFO:     Started reloader process [164198] using WatchFiles
2026-06-27 05:55:14,888 | INFO     | __mp_main__ | Mounted static files from /app/static.
2026-06-27 05:55:14,959 | INFO     | main | Mounted static files from /app/static.
INFO:     Started server process [165529]
INFO:     Waiting for application startup.
INFO:     Application startup complete.
2026-06-27 05:55:15,007 | INFO     | watchfiles.main | 4 changes detected
2026-06-27 05:55:15,359 | INFO     | watchfiles.main | 1 change detected
2026-06-27 05:55:15,711 | INFO     | watchfiles.main | 1 change detected
2026-06-27 05:55:16,062 | INFO     | watchfiles.main | 1 change detected
2026-06-27 05:55:16,413 | INFO     | watchfiles.main | 1 change detected
2026-06-27 05:55:16,764 | INFO     | watchfiles.main | 1 change detected
2026-06-27 05:55:17,115 | INFO     | watchfiles.main | 1 change detected
2026-06-27 05:55:17,466 | INFO     | watchfiles.main | 1 change detected
2026-06-27 05:55:17,817 | INFO     | watchfiles.main | 1 change detected
2026-06-27 05:55:18,168 | INFO     | watchfiles.main | 1 change detected
2026-06-27 05:55:18,519 | INFO     | watchfiles.main | 1 change detected
2026-06-27 05:55:18,870 | INFO     | watchfiles.main | 1 change detected
2026-06-27 05:55:19,221 | INFO     | watchfiles.main | 1 change detected
2026-06-27 05:55:19,572 | INFO     | watchfiles.main | 1 change detected
2026-06-27 05:55:19,923 | INFO     | watchfiles.main | 1 change detected
2026-06-27 05:55:20,274 | INFO     | watchfiles.main | 12 changes detected
2026-06-27 05:55:20,626 | INFO     | watchfiles.main | 1 change detected
2026-06-27 05:55:20,977 | INFO     | watchfiles.main | 1 change detected
2026-06-27 05:55:21,329 | INFO     | watchfiles.main | 1 change detected
2026-06-27 05:55:21,680 | INFO     | watchfiles.main | 1 change detected
2026-06-27 05:55:22,031 | INFO     | watchfiles.main | 1 change detected
2026-06-27 05:55:22,382 | INFO     | watchfiles.main | 1 change detected
2026-06-27 05:55:22,733 | INFO     | watchfiles.main | 1 change detected
2026-06-27 05:55:23,084 | INFO     | watchfiles.main | 1 change detected
2026-06-27 05:55:23,435 | INFO     | watchfiles.main | 1 change detected
2026-06-27 05:55:23,786 | INFO     | watchfiles.main | 1 change detected
2026-06-27 05:55:24,137 | INFO     | watchfiles.main | 1 change detected
2026-06-27 05:55:24,488 | INFO     | watchfiles.main | 1 change detected
2026-06-27 05:55:24,839 | INFO     | watchfiles.main | 1 change detected
2026-06-27 05:55:25,190 | INFO     | watchfiles.main | 1 change detected
2026-06-27 05:55:25,542 | INFO     | watchfiles.main | 1 change detected
2026-06-27 05:55:25,893 | INFO     | watchfiles.main | 1 change detected
2026-06-27 05:55:26,244 | INFO     | watchfiles.main | 1 change detected
2026-06-27 05:55:26,595 | INFO     | watchfiles.main | 1 change detected
2026-06-27 05:55:26,946 | INFO     | watchfiles.main | 1 change detected
2026-06-27 05:55:27,297 | INFO     | watchfiles.main | 1 change detected
2026-06-27 05:55:27,648 | INFO     | watchfiles.main | 1 change detected
2026-06-27 05:55:27,999 | INFO     | watchfiles.main | 1 change detected
2026-06-27 05:55:28,351 | INFO     | watchfiles.main | 1 change detected
2026-06-27 05:55:28,702 | INFO     | watchfiles.main | 1 change detected
2026-06-27 05:55:29,053 | INFO     | watchfiles.main | 1 change detected
2026-06-27 05:55:29,404 | INFO     | watchfiles.main | 1 change detected
2026-06-27 05:55:29,755 | INFO     | watchfiles.main | 1 change detected
2026-06-27 05:55:30,107 | INFO     | watchfiles.main | 1 change detected
2026-06-27 05:55:30,458 | INFO     | watchfiles.main | 1 change detected
2026-06-27 05:55:30,809 | INFO     | watchfiles.main | 1 change detected
2026-06-27 05:55:31,161 | INFO     | watchfiles.main | 1 change detected
2026-06-27 05:55:31,512 | INFO     | watchfiles.main | 1 change detected
2026-06-27 05:55:31,864 | INFO     | watchfiles.main | 1 change detected
2026-06-27 05:55:32,215 | INFO     | watchfiles.main | 1 change detected
2026-06-27 05:55:32,567 | INFO     | watchfiles.main | 1 change detected
2026-06-27 05:55:32,918 | INFO     | watchfiles.main | 1 change detected
2026-06-27 05:55:33,269 | INFO     | watchfiles.main | 1 change detected
2026-06-27 05:55:33,621 | INFO     | watchfiles.main | 1 change detected
2026-06-27 05:55:33,972 | INFO     | watchfiles.main | 1 change detected
2026-06-27 05:55:34,323 | INFO     | watchfiles.main | 1 change detected
2026-06-27 05:55:34,675 | INFO     | watchfiles.main | 1 change detected
2026-06-27 05:55:35,026 | INFO     | watchfiles.main | 1 change detected
2026-06-27 05:55:35,378 | INFO     | watchfiles.main | 1 change detected
2026-06-27 05:55:35,729 | INFO     | watchfiles.main | 1 change detected
2026-06-27 05:55:36,080 | INFO     | watchfiles.main | 1 change detected
2026-06-27 05:55:36,431 | INFO     | watchfiles.main | 1 change detected
2026-06-27 05:55:36,783 | INFO     | watchfiles.main | 1 change detected
2026-06-27 05:55:37,134 | INFO     | watchfiles.main | 1 change detected
2026-06-27 05:55:37,485 | INFO     | watchfiles.main | 1 change detected
2026-06-27 05:55:37,836 | INFO     | watchfiles.main | 1 change detected
2026-06-27 05:55:38,188 | INFO     | watchfiles.main | 1 change detected
2026-06-27 05:55:38,539 | INFO     | watchfiles.main | 1 change detected
2026-06-27 05:55:38,890 | INFO     | watchfiles.main | 1 change detected
2026-06-27 05:55:39,241 | INFO     | watchfiles.main | 1 change detected
2026-06-27 05:55:39,593 | INFO     | watchfiles.main | 1 change detected
2026-06-27 05:55:39,944 | INFO     | watchfiles.main | 1 change detected
2026-06-27 05:55:40,295 | INFO     | watchfiles.main | 1 change detected
2026-06-27 05:55:40,647 | INFO     | watchfiles.main | 1 change detected
2026-06-27 05:55:40,998 | INFO     | watchfiles.main | 1 change detected
2026-06-27 05:55:41,350 | INFO     | watchfiles.main | 1 change detected
2026-06-27 05:55:41,701 | INFO     | watchfiles.main | 1 change detected
2026-06-27 05:55:42,052 | INFO     | watchfiles.main | 1 change detected
2026-06-27 05:55:42,404 | INFO     | watchfiles.main | 1 change detected
2026-06-27 05:55:42,755 | INFO     | watchfiles.main | 1 change detected
2026-06-27 05:55:43,106 | INFO     | watchfiles.main | 1 change detected
2026-06-27 05:55:43,458 | INFO     | watchfiles.main | 1 change detected
2026-06-27 05:55:43,809 | INFO     | watchfiles.main | 1 change detected
2026-06-27 05:55:44,160 | INFO     | watchfiles.main | 1 change detected
2026-06-27 05:55:44,511 | INFO     | watchfiles.main | 1 change detected
2026-06-27 05:55:44,863 | INFO     | watchfiles.main | 1 change detected
2026-06-27 05:55:45,214 | INFO     | watchfiles.main | 1 change detected
2026-06-27 05:55:45,565 | INFO     | watchfiles.main | 1 change detected
2026-06-27 05:55:45,917 | INFO     | watchfiles.main | 1 change detected
2026-06-27 05:55:46,268 | INFO     | watchfiles.main | 1 change detected
2026-06-27 05:55:46,619 | INFO     | watchfiles.main | 1 change detected
2026-06-27 05:55:46,971 | INFO     | watchfiles.main | 1 change detected
2026-06-27 05:55:47,322 | INFO     | watchfiles.main | 1 change detected
2026-06-27 05:55:47,673 | INFO     | watchfiles.main | 1 change detected
2026-06-27 05:55:48,024 | INFO     | watchfiles.main | 1 change detected
2026-06-27 05:55:48,376 | INFO     | watchfiles.main | 1 change detected
2026-06-27 05:55:48,727 | INFO     | watchfiles.main | 1 change detected
2026-06-27 05:55:49,078 | INFO     | watchfiles.main | 1 change detected
2026-06-27 05:55:49,429 | INFO     | watchfiles.main | 1 change detected
2026-06-27 05:55:49,781 | INFO     | watchfiles.main | 1 change detected
2026-06-27 05:55:50,132 | INFO     | watchfiles.main | 1 change detected
2026-06-27 05:55:50,483 | INFO     | watchfiles.main | 1 change detected
2026-06-27 05:55:50,835 | INFO     | watchfiles.main | 1 change detected
2026-06-27 05:55:51,186 | INFO     | watchfiles.main | 1 change detected
2026-06-27 05:55:51,537 | INFO     | watchfiles.main | 1 change detected
2026-06-27 05:55:51,889 | INFO     | watchfiles.main | 1 change detected
2026-06-27 05:55:52,240 | INFO     | watchfiles.main | 1 change detected
2026-06-27 05:55:52,592 | INFO     | watchfiles.main | 1 change detected
2026-06-27 05:55:52,943 | INFO     | watchfiles.main | 1 change detected
2026-06-27 05:55:53,294 | INFO     | watchfiles.main | 1 change detected
2026-06-27 05:55:53,645 | INFO     | watchfiles.main | 1 change detected
2026-06-27 05:55:53,996 | INFO     | watchfiles.main | 1 change detected
2026-06-27 05:55:54,347 | INFO     | watchfiles.main | 1 change detected
2026-06-27 05:55:54,699 | INFO     | watchfiles.main | 1 change detected
2026-06-27 05:55:55,050 | INFO     | watchfiles.main | 1 change detected
2026-06-27 05:55:55,401 | INFO     | watchfiles.main | 1 change detected
2026-06-27 05:55:55,752 | INFO     | watchfiles.main | 1 change detected
2026-06-27 05:55:56,103 | INFO     | watchfiles.main | 1 change detected
2026-06-27 05:55:56,454 | INFO     | watchfiles.main | 1 change detected
2026-06-27 05:55:56,805 | INFO     | watchfiles.main | 1 change detected
2026-06-27 05:55:57,156 | INFO     | watchfiles.main | 1 change detected
2026-06-27 05:55:57,508 | INFO     | watchfiles.main | 1 change detected
2026-06-27 05:55:57,859 | INFO     | watchfiles.main | 2 changes detected
WARNING:  WatchFiles detected changes in 'verify.py'. Reloading...
INFO:     Shutting down
INFO:     Waiting for application shutdown.
INFO:     Application shutdown complete.
INFO:     Finished server process [165529]
2026-06-27 05:55:58,384 | INFO     | watchfiles.main | 1 change detected
2026-06-27 05:55:58,737 | INFO     | watchfiles.main | 1 change detected
2026-06-27 05:55:59,088 | INFO     | watchfiles.main | 1 change detected
2026-06-27 05:55:59,439 | INFO     | watchfiles.main | 1 change detected
2026-06-27 05:55:59,791 | INFO     | watchfiles.main | 1 change detected
2026-06-27 05:56:00,142 | INFO     | watchfiles.main | 1 change detected
2026-06-27 05:56:00,320 | INFO     | __mp_main__ | Mounted static files from /app/static.
2026-06-27 05:56:00,407 | INFO     | main | Mounted static files from /app/static.
INFO:     Started server process [177368]
INFO:     Waiting for application startup.
INFO:     Application startup complete.
2026-06-27 05:56:00,494 | INFO     | watchfiles.main | 1 change detected
2026-06-27 05:56:00,845 | INFO     | watchfiles.main | 1 change detected
2026-06-27 05:56:01,196 | INFO     | watchfiles.main | 1 change detected
2026-06-27 05:56:01,548 | INFO     | watchfiles.main | 1 change detected
2026-06-27 05:56:01,899 | INFO     | watchfiles.main | 1 change detected
2026-06-27 05:56:02,250 | INFO     | watchfiles.main | 1 change detected
2026-06-27 05:56:02,601 | INFO     | watchfiles.main | 1 change detected
2026-06-27 05:56:02,952 | INFO     | watchfiles.main | 12 changes detected
2026-06-27 05:56:03,304 | INFO     | watchfiles.main | 1 change detected
2026-06-27 05:56:03,655 | INFO     | watchfiles.main | 1 change detected
2026-06-27 05:56:04,006 | INFO     | watchfiles.main | 1 change detected
2026-06-27 05:56:04,357 | INFO     | watchfiles.main | 1 change detected
2026-06-27 05:56:04,708 | INFO     | watchfiles.main | 1 change detected
2026-06-27 05:56:05,059 | INFO     | watchfiles.main | 1 change detected
2026-06-27 05:56:05,411 | INFO     | watchfiles.main | 1 change detected
2026-06-27 05:56:05,766 | INFO     | watchfiles.main | 1 change detected
2026-06-27 05:56:06,118 | INFO     | watchfiles.main | 1 change detected
2026-06-27 05:56:06,470 | INFO     | watchfiles.main | 1 change detected
2026-06-27 05:56:06,821 | INFO     | watchfiles.main | 1 change detected
2026-06-27 05:56:07,173 | INFO     | watchfiles.main | 1 change detected
2026-06-27 05:56:07,524 | INFO     | watchfiles.main | 1 change detected
2026-06-27 05:56:07,875 | INFO     | watchfiles.main | 1 change detected
2026-06-27 05:56:08,226 | INFO     | watchfiles.main | 1 change detected
2026-06-27 05:56:08,577 | INFO     | watchfiles.main | 1 change detected
2026-06-27 05:56:08,928 | INFO     | watchfiles.main | 1 change detected
2026-06-27 05:56:09,279 | INFO     | watchfiles.main | 1 change detected
2026-06-27 05:56:09,630 | INFO     | watchfiles.main | 1 change detected
2026-06-27 05:56:09,982 | INFO     | watchfiles.main | 1 change detected
2026-06-27 05:56:10,333 | INFO     | watchfiles.main | 1 change detected
2026-06-27 05:56:10,684 | INFO     | watchfiles.main | 1 change detected
2026-06-27 05:56:11,035 | INFO     | watchfiles.main | 1 change detected
2026-06-27 05:56:11,386 | INFO     | watchfiles.main | 1 change detected
2026-06-27 05:56:11,737 | INFO     | watchfiles.main | 1 change detected
2026-06-27 05:56:12,090 | INFO     | watchfiles.main | 1 change detected
2026-06-27 05:56:12,443 | INFO     | watchfiles.main | 1 change detected
2026-06-27 05:56:12,794 | INFO     | watchfiles.main | 1 change detected
2026-06-27 05:56:13,145 | INFO     | watchfiles.main | 1 change detected
2026-06-27 05:56:13,497 | INFO     | watchfiles.main | 1 change detected
2026-06-27 05:56:13,848 | INFO     | watchfiles.main | 1 change detected
2026-06-27 05:56:14,199 | INFO     | watchfiles.main | 1 change detected
INFO:     127.0.0.1:34450 - "GET / HTTP/1.1" 200 OK
2026-06-27 05:56:14,550 | INFO     | watchfiles.main | 1 change detected
INFO:     127.0.0.1:34462 - "GET /static/app.js HTTP/1.1" 200 OK
INFO:     127.0.0.1:34450 - "GET /static/style.css HTTP/1.1" 200 OK
2026-06-27 05:56:14,901 | INFO     | watchfiles.main | 1 change detected
2026-06-27 05:56:15,257 | INFO     | watchfiles.main | 1 change detected
2026-06-27 05:56:15,608 | INFO     | watchfiles.main | 1 change detected
2026-06-27 05:56:15,961 | INFO     | watchfiles.main | 7 changes detected
2026-06-27 05:56:16,312 | INFO     | watchfiles.main | 1 change detected
2026-06-27 05:56:16,664 | INFO     | watchfiles.main | 1 change detected
2026-06-27 05:56:17,016 | INFO     | watchfiles.main | 1 change detected
2026-06-27 05:56:17,367 | INFO     | watchfiles.main | 1 change detected
2026-06-27 05:56:17,718 | INFO     | watchfiles.main | 1 change detected
2026-06-27 05:56:18,069 | INFO     | watchfiles.main | 1 change detected
2026-06-27 05:56:18,421 | INFO     | watchfiles.main | 1 change detected
2026-06-27 05:56:18,772 | INFO     | watchfiles.main | 1 change detected
2026-06-27 05:56:19,124 | INFO     | watchfiles.main | 1 change detected
2026-06-27 05:56:19,475 | INFO     | watchfiles.main | 1 change detected
2026-06-27 05:56:19,830 | INFO     | watchfiles.main | 1 change detected
2026-06-27 05:56:20,181 | INFO     | watchfiles.main | 1 change detected
2026-06-27 05:56:20,532 | INFO     | watchfiles.main | 1 change detected
2026-06-27 05:56:20,883 | INFO     | watchfiles.main | 1 change detected
2026-06-27 05:56:21,235 | INFO     | watchfiles.main | 1 change detected
2026-06-27 05:56:21,586 | INFO     | watchfiles.main | 1 change detected
2026-06-27 05:56:21,937 | INFO     | watchfiles.main | 1 change detected
2026-06-27 05:56:22,289 | INFO     | watchfiles.main | 1 change detected
2026-06-27 05:56:22,640 | INFO     | watchfiles.main | 8 changes detected
2026-06-27 05:56:22,991 | INFO     | watchfiles.main | 1 change detected
2026-06-27 05:56:23,342 | INFO     | watchfiles.main | 1 change detected
2026-06-27 05:56:23,694 | INFO     | watchfiles.main | 1 change detected
2026-06-27 05:56:24,045 | INFO     | watchfiles.main | 1 change detected
2026-06-27 05:56:24,396 | INFO     | watchfiles.main | 1 change detected
2026-06-27 05:56:24,747 | INFO     | watchfiles.main | 1 change detected
2026-06-27 05:56:25,098 | INFO     | watchfiles.main | 1 change detected
2026-06-27 05:56:25,449 | INFO     | watchfiles.main | 1 change detected
2026-06-27 05:56:25,800 | INFO     | watchfiles.main | 1 change detected
2026-06-27 05:56:26,151 | INFO     | watchfiles.main | 1 change detected
2026-06-27 05:56:26,503 | INFO     | watchfiles.main | 1 change detected
2026-06-27 05:56:26,854 | INFO     | watchfiles.main | 1 change detected
2026-06-27 05:56:27,205 | INFO     | watchfiles.main | 1 change detected
2026-06-27 05:56:27,557 | INFO     | watchfiles.main | 1 change detected
2026-06-27 05:56:27,908 | INFO     | watchfiles.main | 1 change detected
2026-06-27 05:56:28,259 | INFO     | watchfiles.main | 1 change detected
2026-06-27 05:56:28,611 | INFO     | watchfiles.main | 1 change detected
2026-06-27 05:56:28,962 | INFO     | watchfiles.main | 1 change detected
2026-06-27 05:56:29,313 | INFO     | watchfiles.main | 1 change detected
2026-06-27 05:56:29,664 | INFO     | watchfiles.main | 1 change detected
2026-06-27 05:56:30,015 | INFO     | watchfiles.main | 1 change detected
2026-06-27 05:56:30,366 | INFO     | watchfiles.main | 1 change detected
2026-06-27 05:56:30,719 | INFO     | watchfiles.main | 1 change detected
2026-06-27 05:56:31,070 | INFO     | watchfiles.main | 1 change detected
2026-06-27 05:56:31,421 | INFO     | watchfiles.main | 1 change detected
2026-06-27 05:56:31,773 | INFO     | watchfiles.main | 1 change detected
2026-06-27 05:56:32,124 | INFO     | watchfiles.main | 1 change detected
2026-06-27 05:56:32,476 | INFO     | watchfiles.main | 8 changes detected
2026-06-27 05:56:32,828 | INFO     | watchfiles.main | 1 change detected
2026-06-27 05:56:33,179 | INFO     | watchfiles.main | 1 change detected
2026-06-27 05:56:33,531 | INFO     | watchfiles.main | 1 change detected
2026-06-27 05:56:33,883 | INFO     | watchfiles.main | 1 change detected
2026-06-27 05:56:34,235 | INFO     | watchfiles.main | 1 change detected
2026-06-27 05:56:34,586 | INFO     | watchfiles.main | 1 change detected
2026-06-27 05:56:34,937 | INFO     | watchfiles.main | 1 change detected
2026-06-27 05:56:35,288 | INFO     | watchfiles.main | 1 change detected
2026-06-27 05:56:35,639 | INFO     | watchfiles.main | 1 change detected
2026-06-27 05:56:35,990 | INFO     | watchfiles.main | 1 change detected
2026-06-27 05:56:36,341 | INFO     | watchfiles.main | 1 change detected
2026-06-27 05:56:36,692 | INFO     | watchfiles.main | 1 change detected
2026-06-27 05:56:37,043 | INFO     | watchfiles.main | 1 change detected
2026-06-27 05:56:37,394 | INFO     | watchfiles.main | 1 change detected
2026-06-27 05:56:37,745 | INFO     | watchfiles.main | 1 change detected
2026-06-27 05:56:38,096 | INFO     | watchfiles.main | 1 change detected
2026-06-27 05:56:38,448 | INFO     | watchfiles.main | 1 change detected
2026-06-27 05:56:38,799 | INFO     | watchfiles.main | 1 change detected
2026-06-27 05:56:39,150 | INFO     | watchfiles.main | 1 change detected
2026-06-27 05:56:39,501 | INFO     | watchfiles.main | 1 change detected
2026-06-27 05:56:39,852 | INFO     | watchfiles.main | 1 change detected
2026-06-27 05:56:40,203 | INFO     | watchfiles.main | 1 change detected
2026-06-27 05:56:40,555 | INFO     | watchfiles.main | 1 change detected
2026-06-27 05:56:40,906 | INFO     | watchfiles.main | 1 change detected
2026-06-27 05:56:41,257 | INFO     | watchfiles.main | 1 change detected
2026-06-27 05:56:41,608 | INFO     | watchfiles.main | 1 change detected
2026-06-27 05:56:41,959 | INFO     | watchfiles.main | 1 change detected
2026-06-27 05:56:42,310 | INFO     | watchfiles.main | 1 change detected
2026-06-27 05:56:42,661 | INFO     | watchfiles.main | 1 change detected
2026-06-27 05:56:43,012 | INFO     | watchfiles.main | 1 change detected
2026-06-27 05:56:43,363 | INFO     | watchfiles.main | 1 change detected
2026-06-27 05:56:43,714 | INFO     | watchfiles.main | 1 change detected
2026-06-27 05:56:44,065 | INFO     | watchfiles.main | 1 change detected
2026-06-27 05:56:44,416 | INFO     | watchfiles.main | 1 change detected
2026-06-27 05:56:44,767 | INFO     | watchfiles.main | 1 change detected
2026-06-27 05:56:45,118 | INFO     | watchfiles.main | 1 change detected
2026-06-27 05:56:45,470 | INFO     | watchfiles.main | 1 change detected
2026-06-27 05:56:45,821 | INFO     | watchfiles.main | 1 change detected
2026-06-27 05:56:46,172 | INFO     | watchfiles.main | 1 change detected
2026-06-27 05:56:46,523 | INFO     | watchfiles.main | 1 change detected
2026-06-27 05:56:46,875 | INFO     | watchfiles.main | 1 change detected
2026-06-27 05:56:47,226 | INFO     | watchfiles.main | 1 change detected
2026-06-27 05:56:47,577 | INFO     | watchfiles.main | 1 change detected
2026-06-27 05:56:47,929 | INFO     | watchfiles.main | 1 change detected
2026-06-27 05:56:48,280 | INFO     | watchfiles.main | 1 change detected
2026-06-27 05:56:48,631 | INFO     | watchfiles.main | 1 change detected
2026-06-27 05:56:48,982 | INFO     | watchfiles.main | 1 change detected
2026-06-27 05:56:49,334 | INFO     | watchfiles.main | 1 change detected
2026-06-27 05:56:49,685 | INFO     | watchfiles.main | 1 change detected
2026-06-27 05:56:50,036 | INFO     | watchfiles.main | 1 change detected
2026-06-27 05:56:50,387 | INFO     | watchfiles.main | 1 change detected
2026-06-27 05:56:50,739 | INFO     | watchfiles.main | 1 change detected
2026-06-27 05:56:51,091 | INFO     | watchfiles.main | 1 change detected
2026-06-27 05:56:51,443 | INFO     | watchfiles.main | 1 change detected
2026-06-27 05:56:51,795 | INFO     | watchfiles.main | 1 change detected
2026-06-27 05:56:52,196 | INFO     | watchfiles.main | 8 changes detected
2026-06-27 05:56:52,548 | INFO     | watchfiles.main | 1 change detected
2026-06-27 05:56:52,899 | INFO     | watchfiles.main | 1 change detected
2026-06-27 05:56:53,250 | INFO     | watchfiles.main | 1 change detected
2026-06-27 05:56:53,602 | INFO     | watchfiles.main | 8 changes detected
2026-06-27 05:56:53,954 | INFO     | watchfiles.main | 1 change detected
2026-06-27 05:56:54,305 | INFO     | watchfiles.main | 1 change detected
2026-06-27 05:56:54,656 | INFO     | watchfiles.main | 1 change detected
2026-06-27 05:56:55,008 | INFO     | watchfiles.main | 1 change detected
2026-06-27 05:56:55,359 | INFO     | watchfiles.main | 1 change detected
2026-06-27 05:56:55,710 | INFO     | watchfiles.main | 1 change detected
2026-06-27 05:56:56,061 | INFO     | watchfiles.main | 1 change detected
2026-06-27 05:56:56,412 | INFO     | watchfiles.main | 1 change detected
2026-06-27 05:56:56,764 | INFO     | watchfiles.main | 1 change detected
2026-06-27 05:56:57,115 | INFO     | watchfiles.main | 1 change detected
2026-06-27 05:56:57,466 | INFO     | watchfiles.main | 1 change detected
2026-06-27 05:56:57,817 | INFO     | watchfiles.main | 1 change detected
2026-06-27 05:56:58,168 | INFO     | watchfiles.main | 1 change detected
2026-06-27 05:56:58,519 | INFO     | watchfiles.main | 1 change detected
2026-06-27 05:56:58,870 | INFO     | watchfiles.main | 1 change detected
2026-06-27 05:56:59,221 | INFO     | watchfiles.main | 1 change detected
2026-06-27 05:56:59,572 | INFO     | watchfiles.main | 1 change detected
2026-06-27 05:56:59,923 | INFO     | watchfiles.main | 1 change detected
2026-06-27 05:57:00,275 | INFO     | watchfiles.main | 1 change detected
2026-06-27 05:57:00,626 | INFO     | watchfiles.main | 1 change detected
2026-06-27 05:57:00,977 | INFO     | watchfiles.main | 1 change detected
2026-06-27 05:57:01,328 | INFO     | watchfiles.main | 1 change detected
2026-06-27 05:57:01,679 | INFO     | watchfiles.main | 1 change detected
2026-06-27 05:57:02,030 | INFO     | watchfiles.main | 1 change detected
2026-06-27 05:57:02,381 | INFO     | watchfiles.main | 1 change detected
2026-06-27 05:57:02,732 | INFO     | watchfiles.main | 1 change detected
2026-06-27 05:57:03,083 | INFO     | watchfiles.main | 1 change detected
2026-06-27 05:57:03,436 | INFO     | watchfiles.main | 1 change detected
2026-06-27 05:57:03,787 | INFO     | watchfiles.main | 1 change detected
2026-06-27 05:57:04,138 | INFO     | watchfiles.main | 1 change detected
2026-06-27 05:57:04,489 | INFO     | watchfiles.main | 8 changes detected
2026-06-27 05:57:04,840 | INFO     | watchfiles.main | 1 change detected
2026-06-27 05:57:05,191 | INFO     | watchfiles.main | 1 change detected
2026-06-27 05:57:05,542 | INFO     | watchfiles.main | 1 change detected
2026-06-27 05:57:05,893 | INFO     | watchfiles.main | 1 change detected
2026-06-27 05:57:06,245 | INFO     | watchfiles.main | 1 change detected
2026-06-27 05:57:06,596 | INFO     | watchfiles.main | 1 change detected
2026-06-27 05:57:06,947 | INFO     | watchfiles.main | 1 change detected
2026-06-27 05:57:07,298 | INFO     | watchfiles.main | 1 change detected
2026-06-27 05:57:07,649 | INFO     | watchfiles.main | 1 change detected
2026-06-27 05:57:08,000 | INFO     | watchfiles.main | 1 change detected
2026-06-27 05:57:08,351 | INFO     | watchfiles.main | 1 change detected
2026-06-27 05:57:08,702 | INFO     | watchfiles.main | 1 change detected
2026-06-27 05:57:09,053 | INFO     | watchfiles.main | 1 change detected
2026-06-27 05:57:09,404 | INFO     | watchfiles.main | 1 change detected
2026-06-27 05:57:09,755 | INFO     | watchfiles.main | 1 change detected
2026-06-27 05:57:10,106 | INFO     | watchfiles.main | 1 change detected
2026-06-27 05:57:10,457 | INFO     | watchfiles.main | 1 change detected
2026-06-27 05:57:10,808 | INFO     | watchfiles.main | 1 change detected
2026-06-27 05:57:11,159 | INFO     | watchfiles.main | 1 change detected
2026-06-27 05:57:11,510 | INFO     | watchfiles.main | 1 change detected
2026-06-27 05:57:11,861 | INFO     | watchfiles.main | 1 change detected
2026-06-27 05:57:12,212 | INFO     | watchfiles.main | 1 change detected
2026-06-27 05:57:12,563 | INFO     | watchfiles.main | 1 change detected
2026-06-27 05:57:12,915 | INFO     | watchfiles.main | 1 change detected
2026-06-27 05:57:13,266 | INFO     | watchfiles.main | 1 change detected
2026-06-27 05:57:13,617 | INFO     | watchfiles.main | 1 change detected
2026-06-27 05:57:13,968 | INFO     | watchfiles.main | 1 change detected
2026-06-27 05:57:14,319 | INFO     | watchfiles.main | 1 change detected
2026-06-27 05:57:14,670 | INFO     | watchfiles.main | 1 change detected
2026-06-27 05:57:15,022 | INFO     | watchfiles.main | 1 change detected
2026-06-27 05:57:15,373 | INFO     | watchfiles.main | 1 change detected
2026-06-27 05:57:15,724 | INFO     | watchfiles.main | 1 change detected
2026-06-27 05:57:16,075 | INFO     | watchfiles.main | 1 change detected
2026-06-27 05:57:16,426 | INFO     | watchfiles.main | 1 change detected
2026-06-27 05:57:16,777 | INFO     | watchfiles.main | 1 change detected
2026-06-27 05:57:17,128 | INFO     | watchfiles.main | 1 change detected
2026-06-27 05:57:17,479 | INFO     | watchfiles.main | 1 change detected
2026-06-27 05:57:17,830 | INFO     | watchfiles.main | 1 change detected
2026-06-27 05:57:18,181 | INFO     | watchfiles.main | 1 change detected
2026-06-27 05:57:18,532 | INFO     | watchfiles.main | 1 change detected
2026-06-27 05:57:18,883 | INFO     | watchfiles.main | 1 change detected
2026-06-27 05:57:19,234 | INFO     | watchfiles.main | 1 change detected
2026-06-27 05:57:19,586 | INFO     | watchfiles.main | 1 change detected
2026-06-27 05:57:19,936 | INFO     | watchfiles.main | 1 change detected
2026-06-27 05:57:20,288 | INFO     | watchfiles.main | 1 change detected
2026-06-27 05:57:20,639 | INFO     | watchfiles.main | 1 change detected
2026-06-27 05:57:20,990 | INFO     | watchfiles.main | 1 change detected
2026-06-27 05:57:21,341 | INFO     | watchfiles.main | 1 change detected
2026-06-27 05:57:21,692 | INFO     | watchfiles.main | 1 change detected
2026-06-27 05:57:22,043 | INFO     | watchfiles.main | 1 change detected
2026-06-27 05:57:22,394 | INFO     | watchfiles.main | 1 change detected
2026-06-27 05:57:22,745 | INFO     | watchfiles.main | 1 change detected
2026-06-27 05:57:23,096 | INFO     | watchfiles.main | 1 change detected
2026-06-27 05:57:23,447 | INFO     | watchfiles.main | 1 change detected
2026-06-27 05:57:23,799 | INFO     | watchfiles.main | 1 change detected
2026-06-27 05:57:24,150 | INFO     | watchfiles.main | 1 change detected
2026-06-27 05:57:24,501 | INFO     | watchfiles.main | 1 change detected
2026-06-27 05:57:24,852 | INFO     | watchfiles.main | 1 change detected
2026-06-27 05:57:25,204 | INFO     | watchfiles.main | 1 change detected
2026-06-27 05:57:25,555 | INFO     | watchfiles.main | 1 change detected
2026-06-27 05:57:25,906 | INFO     | watchfiles.main | 1 change detected
2026-06-27 05:57:26,258 | INFO     | watchfiles.main | 1 change detected
2026-06-27 05:57:26,609 | INFO     | watchfiles.main | 1 change detected
2026-06-27 05:57:26,960 | INFO     | watchfiles.main | 7 changes detected
INFO:     Shutting down
INFO:     Waiting for application shutdown.
INFO:     Application shutdown complete.
INFO:     Finished server process [177368]
INFO:     Stopping reloader process [164198]
